c:\users\bzykol\desktop\c++\projekt\najtrudniejsza_gra\debug\vc142.pdb
c:\users\bzykol\desktop\c++\projekt\najtrudniejsza_gra\debug\vc142.idb
c:\users\bzykol\desktop\c++\projekt\najtrudniejsza_gra\debug\square.obj
c:\users\bzykol\desktop\c++\projekt\najtrudniejsza_gra\debug\line.obj
c:\users\bzykol\desktop\c++\projekt\najtrudniejsza_gra\debug\najtrudniejsza_gra.obj
c:\users\bzykol\desktop\c++\projekt\najtrudniejsza_gra\debug\block.obj
c:\users\bzykol\desktop\c++\projekt\najtrudniejsza_gra\debug\spot.obj
c:\users\bzykol\desktop\c++\projekt\najtrudniejsza_gra\debug\bot.obj
c:\users\bzykol\desktop\c++\projekt\projectcpp-cmiel-depciuch-worlds-hardest-game\debug\vc142.pdb
c:\users\bzykol\desktop\c++\projekt\projectcpp-cmiel-depciuch-worlds-hardest-game\debug\vc142.idb
c:\users\bzykol\desktop\c++\projekt\projectcpp-cmiel-depciuch-worlds-hardest-game\debug\square.obj
c:\users\bzykol\desktop\c++\projekt\projectcpp-cmiel-depciuch-worlds-hardest-game\debug\spot.obj
c:\users\bzykol\desktop\c++\projekt\projectcpp-cmiel-depciuch-worlds-hardest-game\debug\najtrudniejsza_gra.obj
c:\users\bzykol\desktop\c++\projekt\projectcpp-cmiel-depciuch-worlds-hardest-game\debug\line.obj
c:\users\bzykol\desktop\c++\projekt\projectcpp-cmiel-depciuch-worlds-hardest-game\debug\bot.obj
c:\users\bzykol\desktop\c++\projekt\projectcpp-cmiel-depciuch-worlds-hardest-game\debug\block.obj
c:\users\bzykol\desktop\c++\projekt\projectcpp-cmiel-depciuch-worlds-hardest-game\debug\lvl1.obj
c:\users\bzykol\desktop\c++\projekt\projectcpp-cmiel-depciuch-worlds-hardest-game\debug\najtrudniejsza_gra.exe
c:\users\bzykol\desktop\c++\projekt\projectcpp-cmiel-depciuch-worlds-hardest-game\debug\najtrudniejsza_gra.ilk
c:\users\bzykol\desktop\c++\projekt\projectcpp-cmiel-depciuch-worlds-hardest-game\debug\najtrudniejsza_gra.pdb
c:\users\bzykol\desktop\c++\projekt\najtrudniejsza_gra\debug\najtrudniejsza_gra.exe
c:\users\bzykol\desktop\c++\projekt\najtrudniejsza_gra\debug\najtrudniejsza_gra.ilk
c:\users\bzykol\desktop\c++\projekt\najtrudniejsza_gra\debug\najtrudniejsza_gra.pdb
c:\users\bzykol\desktop\c++\projekt\najtrudniejsza_gra\debug\limiter.obj
c:\users\bzykol\desktop\c++\projekt\najtrudniejsza_gra\debug\lvl1.obj
c:\users\bzykol\desktop\c++\projekt\najtrudniejsza_gra\debug\najtrudniejsza_gra.obj.enc
c:\users\bzykol\desktop\c++\projekt\najtrudniejsza_gra\debug\najtrudn.bf6cc18b.tlog\cl.command.1.tlog
c:\users\bzykol\desktop\c++\projekt\najtrudniejsza_gra\debug\najtrudn.bf6cc18b.tlog\cl.read.1.tlog
c:\users\bzykol\desktop\c++\projekt\najtrudniejsza_gra\debug\najtrudn.bf6cc18b.tlog\cl.write.1.tlog
c:\users\bzykol\desktop\c++\projekt\najtrudniejsza_gra\debug\najtrudn.bf6cc18b.tlog\link.command.1.tlog
c:\users\bzykol\desktop\c++\projekt\najtrudniejsza_gra\debug\najtrudn.bf6cc18b.tlog\link.read.1.tlog
c:\users\bzykol\desktop\c++\projekt\najtrudniejsza_gra\debug\najtrudn.bf6cc18b.tlog\link.write.1.tlog
