  Square.cpp
  main.cpp
C:\Users\Bzykol\Desktop\C++\Projekt\Najtrudniejsza_gra\main.cpp(193,16): warning C4244: "inicjowanie": konwersja z "double" do "unsigned int", możliwa utrata danych
C:\Users\Bzykol\Desktop\C++\Projekt\Najtrudniejsza_gra\main.cpp(266,1): warning C4005: "Y0": ponowna definicja makra
C:\Users\Bzykol\Desktop\C++\Projekt\Najtrudniejsza_gra\main.cpp(31): message : zobacz poprzednią definicję „Y0”
C:\Users\Bzykol\Desktop\C++\Projekt\Najtrudniejsza_gra\main.cpp(335,16): warning C4244: "inicjowanie": konwersja z "double" do "unsigned int", możliwa utrata danych
C:\Users\Bzykol\Desktop\C++\Projekt\Najtrudniejsza_gra\main.cpp(428,16): warning C4244: "inicjowanie": konwersja z "double" do "unsigned int", możliwa utrata danych
C:\Program Files (x86)\Microsoft Visual Studio\2019\Community\VC\Tools\MSVC\14.23.28105\include\xmemory(758,103): warning C4244: "argument": konwersja z "_Ty" do "float", możliwa utrata danych
C:\Program Files (x86)\Microsoft Visual Studio\2019\Community\VC\Tools\MSVC\14.23.28105\include\xmemory(758,103): warning C4244:         with
C:\Program Files (x86)\Microsoft Visual Studio\2019\Community\VC\Tools\MSVC\14.23.28105\include\xmemory(758,103): warning C4244:         [
C:\Program Files (x86)\Microsoft Visual Studio\2019\Community\VC\Tools\MSVC\14.23.28105\include\xmemory(758,103): warning C4244:             _Ty=int
C:\Program Files (x86)\Microsoft Visual Studio\2019\Community\VC\Tools\MSVC\14.23.28105\include\xmemory(758,103): warning C4244:         ]
C:\Program Files (x86)\Microsoft Visual Studio\2019\Community\VC\Tools\MSVC\14.23.28105\include\vector(633): message : zobacz odwołanie do kompilowanego wystąpienia „void std::_Default_allocator_traits<_Alloc>::construct<_Ty,int,double,char,int>(_Alloc &,_Objty *const ,int &&,double &&,char &&,int &&)” funkcji szablon
C:\Program Files (x86)\Microsoft Visual Studio\2019\Community\VC\Tools\MSVC\14.23.28105\include\vector(633): message :         with
C:\Program Files (x86)\Microsoft Visual Studio\2019\Community\VC\Tools\MSVC\14.23.28105\include\vector(633): message :         [
C:\Program Files (x86)\Microsoft Visual Studio\2019\Community\VC\Tools\MSVC\14.23.28105\include\vector(633): message :             _Alloc=std::allocator<Bot>,
C:\Program Files (x86)\Microsoft Visual Studio\2019\Community\VC\Tools\MSVC\14.23.28105\include\vector(633): message :             _Ty=Bot,
C:\Program Files (x86)\Microsoft Visual Studio\2019\Community\VC\Tools\MSVC\14.23.28105\include\vector(633): message :             _Objty=Bot
C:\Program Files (x86)\Microsoft Visual Studio\2019\Community\VC\Tools\MSVC\14.23.28105\include\vector(633): message :         ]
C:\Program Files (x86)\Microsoft Visual Studio\2019\Community\VC\Tools\MSVC\14.23.28105\include\vector(638): message : zobacz odwołanie do kompilowanego wystąpienia „void std::_Default_allocator_traits<_Alloc>::construct<_Ty,int,double,char,int>(_Alloc &,_Objty *const ,int &&,double &&,char &&,int &&)” funkcji szablon
C:\Program Files (x86)\Microsoft Visual Studio\2019\Community\VC\Tools\MSVC\14.23.28105\include\vector(638): message :         with
C:\Program Files (x86)\Microsoft Visual Studio\2019\Community\VC\Tools\MSVC\14.23.28105\include\vector(638): message :         [
C:\Program Files (x86)\Microsoft Visual Studio\2019\Community\VC\Tools\MSVC\14.23.28105\include\vector(638): message :             _Alloc=std::allocator<Bot>,
C:\Program Files (x86)\Microsoft Visual Studio\2019\Community\VC\Tools\MSVC\14.23.28105\include\vector(638): message :             _Ty=Bot,
C:\Program Files (x86)\Microsoft Visual Studio\2019\Community\VC\Tools\MSVC\14.23.28105\include\vector(638): message :             _Objty=Bot
C:\Program Files (x86)\Microsoft Visual Studio\2019\Community\VC\Tools\MSVC\14.23.28105\include\vector(638): message :         ]
C:\Program Files (x86)\Microsoft Visual Studio\2019\Community\VC\Tools\MSVC\14.23.28105\include\vector(651): message : zobacz odwołanie do kompilowanego wystąpienia „void std::vector<Bot,std::allocator<_Ty>>::_Emplace_back_with_unused_capacity<int,double,char,int>(int &&,double &&,char &&,int &&)” funkcji szablon
C:\Program Files (x86)\Microsoft Visual Studio\2019\Community\VC\Tools\MSVC\14.23.28105\include\vector(651): message :         with
C:\Program Files (x86)\Microsoft Visual Studio\2019\Community\VC\Tools\MSVC\14.23.28105\include\vector(651): message :         [
C:\Program Files (x86)\Microsoft Visual Studio\2019\Community\VC\Tools\MSVC\14.23.28105\include\vector(651): message :             _Ty=Bot
C:\Program Files (x86)\Microsoft Visual Studio\2019\Community\VC\Tools\MSVC\14.23.28105\include\vector(651): message :         ]
C:\Users\Bzykol\Desktop\C++\Projekt\Najtrudniejsza_gra\main.cpp(138): message : zobacz odwołanie do kompilowanego wystąpienia „void std::vector<Bot,std::allocator<_Ty>>::emplace_back<int,double,char,int>(int &&,double &&,char &&,int &&)” funkcji szablon
C:\Users\Bzykol\Desktop\C++\Projekt\Najtrudniejsza_gra\main.cpp(138): message :         with
C:\Users\Bzykol\Desktop\C++\Projekt\Najtrudniejsza_gra\main.cpp(138): message :         [
C:\Users\Bzykol\Desktop\C++\Projekt\Najtrudniejsza_gra\main.cpp(138): message :             _Ty=Bot
C:\Users\Bzykol\Desktop\C++\Projekt\Najtrudniejsza_gra\main.cpp(138): message :         ]
  Generowanie kodu...
C:\Program Files (x86)\Microsoft Visual Studio\2019\Community\VC\Tools\MSVC\14.23.28105\include\xmemory(758,103): warning C4244: "argument": konwersja z "_Ty" do "float", możliwa utrata danych
C:\Program Files (x86)\Microsoft Visual Studio\2019\Community\VC\Tools\MSVC\14.23.28105\include\xmemory(758,103): warning C4244:         with
C:\Program Files (x86)\Microsoft Visual Studio\2019\Community\VC\Tools\MSVC\14.23.28105\include\xmemory(758,103): warning C4244:         [
C:\Program Files (x86)\Microsoft Visual Studio\2019\Community\VC\Tools\MSVC\14.23.28105\include\xmemory(758,103): warning C4244:             _Ty=double
C:\Program Files (x86)\Microsoft Visual Studio\2019\Community\VC\Tools\MSVC\14.23.28105\include\xmemory(758,103): warning C4244:         ]
  Najtrudniejsza_gra.vcxproj -> C:\Users\Bzykol\Desktop\C++\Projekt\Najtrudniejsza_gra\Debug\Najtrudniejsza_gra.exe
