  Block.cpp
  Bot.cpp
  Line.cpp
  Lvl1.cpp
  Najtrudniejsza_gra.cpp
C:\Program Files (x86)\Microsoft Visual Studio\2019\Community\VC\Tools\MSVC\14.23.28105\include\xmemory(758,103): warning C4244: "argument": konwersja z "_Ty" do "float", możliwa utrata danych
C:\Program Files (x86)\Microsoft Visual Studio\2019\Community\VC\Tools\MSVC\14.23.28105\include\xmemory(758,103): warning C4244:         with
C:\Program Files (x86)\Microsoft Visual Studio\2019\Community\VC\Tools\MSVC\14.23.28105\include\xmemory(758,103): warning C4244:         [
C:\Program Files (x86)\Microsoft Visual Studio\2019\Community\VC\Tools\MSVC\14.23.28105\include\xmemory(758,103): warning C4244:             _Ty=int
C:\Program Files (x86)\Microsoft Visual Studio\2019\Community\VC\Tools\MSVC\14.23.28105\include\xmemory(758,103): warning C4244:         ]
C:\Program Files (x86)\Microsoft Visual Studio\2019\Community\VC\Tools\MSVC\14.23.28105\include\vector(633): message : zobacz odwołanie do kompilowanego wystąpienia „void std::_Default_allocator_traits<_Alloc>::construct<_Ty,int,double,char,int>(_Alloc &,_Objty *const ,int &&,double &&,char &&,int &&)” funkcji szablon
C:\Program Files (x86)\Microsoft Visual Studio\2019\Community\VC\Tools\MSVC\14.23.28105\include\vector(633): message :         with
C:\Program Files (x86)\Microsoft Visual Studio\2019\Community\VC\Tools\MSVC\14.23.28105\include\vector(633): message :         [
C:\Program Files (x86)\Microsoft Visual Studio\2019\Community\VC\Tools\MSVC\14.23.28105\include\vector(633): message :             _Alloc=std::allocator<Bot>,
C:\Program Files (x86)\Microsoft Visual Studio\2019\Community\VC\Tools\MSVC\14.23.28105\include\vector(633): message :             _Ty=Bot,
C:\Program Files (x86)\Microsoft Visual Studio\2019\Community\VC\Tools\MSVC\14.23.28105\include\vector(633): message :             _Objty=Bot
C:\Program Files (x86)\Microsoft Visual Studio\2019\Community\VC\Tools\MSVC\14.23.28105\include\vector(633): message :         ]
C:\Program Files (x86)\Microsoft Visual Studio\2019\Community\VC\Tools\MSVC\14.23.28105\include\vector(638): message : zobacz odwołanie do kompilowanego wystąpienia „void std::_Default_allocator_traits<_Alloc>::construct<_Ty,int,double,char,int>(_Alloc &,_Objty *const ,int &&,double &&,char &&,int &&)” funkcji szablon
C:\Program Files (x86)\Microsoft Visual Studio\2019\Community\VC\Tools\MSVC\14.23.28105\include\vector(638): message :         with
C:\Program Files (x86)\Microsoft Visual Studio\2019\Community\VC\Tools\MSVC\14.23.28105\include\vector(638): message :         [
C:\Program Files (x86)\Microsoft Visual Studio\2019\Community\VC\Tools\MSVC\14.23.28105\include\vector(638): message :             _Alloc=std::allocator<Bot>,
C:\Program Files (x86)\Microsoft Visual Studio\2019\Community\VC\Tools\MSVC\14.23.28105\include\vector(638): message :             _Ty=Bot,
C:\Program Files (x86)\Microsoft Visual Studio\2019\Community\VC\Tools\MSVC\14.23.28105\include\vector(638): message :             _Objty=Bot
C:\Program Files (x86)\Microsoft Visual Studio\2019\Community\VC\Tools\MSVC\14.23.28105\include\vector(638): message :         ]
C:\Program Files (x86)\Microsoft Visual Studio\2019\Community\VC\Tools\MSVC\14.23.28105\include\vector(651): message : zobacz odwołanie do kompilowanego wystąpienia „void std::vector<Bot,std::allocator<_Ty>>::_Emplace_back_with_unused_capacity<int,double,char,int>(int &&,double &&,char &&,int &&)” funkcji szablon
C:\Program Files (x86)\Microsoft Visual Studio\2019\Community\VC\Tools\MSVC\14.23.28105\include\vector(651): message :         with
C:\Program Files (x86)\Microsoft Visual Studio\2019\Community\VC\Tools\MSVC\14.23.28105\include\vector(651): message :         [
C:\Program Files (x86)\Microsoft Visual Studio\2019\Community\VC\Tools\MSVC\14.23.28105\include\vector(651): message :             _Ty=Bot
C:\Program Files (x86)\Microsoft Visual Studio\2019\Community\VC\Tools\MSVC\14.23.28105\include\vector(651): message :         ]
C:\Users\Bzykol\Desktop\C++\Projekt\Najtrudniejsza_gra\Najtrudniejsza_gra.cpp(101): message : zobacz odwołanie do kompilowanego wystąpienia „void std::vector<Bot,std::allocator<_Ty>>::emplace_back<int,double,char,int>(int &&,double &&,char &&,int &&)” funkcji szablon
C:\Users\Bzykol\Desktop\C++\Projekt\Najtrudniejsza_gra\Najtrudniejsza_gra.cpp(101): message :         with
C:\Users\Bzykol\Desktop\C++\Projekt\Najtrudniejsza_gra\Najtrudniejsza_gra.cpp(101): message :         [
C:\Users\Bzykol\Desktop\C++\Projekt\Najtrudniejsza_gra\Najtrudniejsza_gra.cpp(101): message :             _Ty=Bot
C:\Users\Bzykol\Desktop\C++\Projekt\Najtrudniejsza_gra\Najtrudniejsza_gra.cpp(101): message :         ]
C:\Program Files (x86)\Microsoft Visual Studio\2019\Community\VC\Tools\MSVC\14.23.28105\include\xmemory(758,103): warning C4244: "argument": konwersja z "_Ty" do "float", możliwa utrata danych
C:\Program Files (x86)\Microsoft Visual Studio\2019\Community\VC\Tools\MSVC\14.23.28105\include\xmemory(758,103): warning C4244:         with
C:\Program Files (x86)\Microsoft Visual Studio\2019\Community\VC\Tools\MSVC\14.23.28105\include\xmemory(758,103): warning C4244:         [
C:\Program Files (x86)\Microsoft Visual Studio\2019\Community\VC\Tools\MSVC\14.23.28105\include\xmemory(758,103): warning C4244:             _Ty=double
C:\Program Files (x86)\Microsoft Visual Studio\2019\Community\VC\Tools\MSVC\14.23.28105\include\xmemory(758,103): warning C4244:         ]
C:\Program Files (x86)\Microsoft Visual Studio\2019\Community\VC\Tools\MSVC\14.23.28105\include\xmemory(758,103): warning C4244: "argument": konwersja z "float" do "int", możliwa utrata danych
C:\Program Files (x86)\Microsoft Visual Studio\2019\Community\VC\Tools\MSVC\14.23.28105\include\vector(633): message : zobacz odwołanie do kompilowanego wystąpienia „void std::_Default_allocator_traits<_Alloc>::construct<_Ty,float&,float&,float&,float&,float&>(_Alloc &,_Objty *const ,float &,float &,float &,float &,float &)” funkcji szablon
C:\Program Files (x86)\Microsoft Visual Studio\2019\Community\VC\Tools\MSVC\14.23.28105\include\vector(633): message :         with
C:\Program Files (x86)\Microsoft Visual Studio\2019\Community\VC\Tools\MSVC\14.23.28105\include\vector(633): message :         [
C:\Program Files (x86)\Microsoft Visual Studio\2019\Community\VC\Tools\MSVC\14.23.28105\include\vector(633): message :             _Alloc=std::allocator<Line>,
C:\Program Files (x86)\Microsoft Visual Studio\2019\Community\VC\Tools\MSVC\14.23.28105\include\vector(633): message :             _Ty=Line,
C:\Program Files (x86)\Microsoft Visual Studio\2019\Community\VC\Tools\MSVC\14.23.28105\include\vector(633): message :             _Objty=Line
C:\Program Files (x86)\Microsoft Visual Studio\2019\Community\VC\Tools\MSVC\14.23.28105\include\vector(633): message :         ]
C:\Program Files (x86)\Microsoft Visual Studio\2019\Community\VC\Tools\MSVC\14.23.28105\include\vector(638): message : zobacz odwołanie do kompilowanego wystąpienia „void std::_Default_allocator_traits<_Alloc>::construct<_Ty,float&,float&,float&,float&,float&>(_Alloc &,_Objty *const ,float &,float &,float &,float &,float &)” funkcji szablon
C:\Program Files (x86)\Microsoft Visual Studio\2019\Community\VC\Tools\MSVC\14.23.28105\include\vector(638): message :         with
C:\Program Files (x86)\Microsoft Visual Studio\2019\Community\VC\Tools\MSVC\14.23.28105\include\vector(638): message :         [
C:\Program Files (x86)\Microsoft Visual Studio\2019\Community\VC\Tools\MSVC\14.23.28105\include\vector(638): message :             _Alloc=std::allocator<Line>,
C:\Program Files (x86)\Microsoft Visual Studio\2019\Community\VC\Tools\MSVC\14.23.28105\include\vector(638): message :             _Ty=Line,
C:\Program Files (x86)\Microsoft Visual Studio\2019\Community\VC\Tools\MSVC\14.23.28105\include\vector(638): message :             _Objty=Line
C:\Program Files (x86)\Microsoft Visual Studio\2019\Community\VC\Tools\MSVC\14.23.28105\include\vector(638): message :         ]
C:\Program Files (x86)\Microsoft Visual Studio\2019\Community\VC\Tools\MSVC\14.23.28105\include\vector(651): message : zobacz odwołanie do kompilowanego wystąpienia „void std::vector<Line,std::allocator<_Ty>>::_Emplace_back_with_unused_capacity<float&,float&,float&,float&,float&>(float &,float &,float &,float &,float &)” funkcji szablon
C:\Program Files (x86)\Microsoft Visual Studio\2019\Community\VC\Tools\MSVC\14.23.28105\include\vector(651): message :         with
C:\Program Files (x86)\Microsoft Visual Studio\2019\Community\VC\Tools\MSVC\14.23.28105\include\vector(651): message :         [
C:\Program Files (x86)\Microsoft Visual Studio\2019\Community\VC\Tools\MSVC\14.23.28105\include\vector(651): message :             _Ty=Line
C:\Program Files (x86)\Microsoft Visual Studio\2019\Community\VC\Tools\MSVC\14.23.28105\include\vector(651): message :         ]
  Spot.cpp
  Square.cpp
  Generowanie kodu...
C:\Users\Bzykol\Desktop\C++\Projekt\Najtrudniejsza_gra\Najtrudniejsza_gra.cpp(109): message : zobacz odwołanie do kompilowanego wystąpienia „void std::vector<Line,std::allocator<_Ty>>::emplace_back<float&,float&,float&,float&,float&>(float &,float &,float &,float &,float &)” funkcji szablon
C:\Users\Bzykol\Desktop\C++\Projekt\Najtrudniejsza_gra\Najtrudniejsza_gra.cpp(109): message :         with
C:\Users\Bzykol\Desktop\C++\Projekt\Najtrudniejsza_gra\Najtrudniejsza_gra.cpp(109): message :         [
C:\Users\Bzykol\Desktop\C++\Projekt\Najtrudniejsza_gra\Najtrudniejsza_gra.cpp(109): message :             _Ty=Line
C:\Users\Bzykol\Desktop\C++\Projekt\Najtrudniejsza_gra\Najtrudniejsza_gra.cpp(109): message :         ]
sfml-graphics-s-d.lib(RenderStates.cpp.obj) : fatal error LNK1112: wystąpił konflikt typu maszyny modułu „x86” z typem maszyny docelowej „x64”
